[0mCompiling "resources/public/js/main.js" from ["src"]...
Compiling /Users/marcelo.pereira/Desktop/learning-omnext/src/om_tutorial/core.cljs
Compiling target/figwheel_temp/dev/figwheel/connect.cljs
notifying browser that file changed:  resources/public/js/goog/deps.js
notifying browser that file changed:  resources/public/js/cljs_deps.js
notifying browser that file changed:  out/om_tutorial/core.js
[32mSuccessfully compiled "resources/public/js/main.js" in 0.393 seconds.[0m
[0mCompiling "resources/public/js/main.js" from ["src"]...
Compiling /Users/marcelo.pereira/Desktop/learning-omnext/src/om_tutorial/core.cljs
Compiling target/figwheel_temp/dev/figwheel/connect.cljs
notifying browser that file changed:  out/om_tutorial/core.js
[32mSuccessfully compiled "resources/public/js/main.js" in 0.272 seconds.[0m
[0mCompiling "resources/public/js/main.js" from ["src"]...
Compiling /Users/marcelo.pereira/Desktop/learning-omnext/src/om_tutorial/core.cljs
Compiling target/figwheel_temp/dev/figwheel/connect.cljs
notifying browser that file changed:  out/om_tutorial/core.js
[32mSuccessfully compiled "resources/public/js/main.js" in 0.252 seconds.[0m
[0mCompiling "resources/public/js/main.js" from ["src"]...
Compiling /Users/marcelo.pereira/Desktop/learning-omnext/src/om_tutorial/core.cljs
[31mCompiling "resources/public/js/main.js" failed.
[0mANALYSIS ERROR: Parameter declaration missing at line 8 /Users/marcelo.pereira/Desktop/learning-omnext/src/om_tutorial/core.cljs on file /Users/marcelo.pereira/Desktop/learning-omnext/src/om_tutorial/core.cljs, line 8, column 1
[32mSuccessfully compiled "resources/public/js/main.js" in 0.117 seconds.[0m
[0mCompiling "resources/public/js/main.js" from ["src"]...
Compiling /Users/marcelo.pereira/Desktop/learning-omnext/src/om_tutorial/core.cljs
[31mCompiling "resources/public/js/main.js" failed.
[0mANALYSIS ERROR: Parameter declaration missing at line 15 /Users/marcelo.pereira/Desktop/learning-omnext/src/om_tutorial/core.cljs on file /Users/marcelo.pereira/Desktop/learning-omnext/src/om_tutorial/core.cljs, line 15, column 1
[32mSuccessfully compiled "resources/public/js/main.js" in 0.096 seconds.[0m
[0mCompiling "resources/public/js/main.js" from ["src"]...
Compiling /Users/marcelo.pereira/Desktop/learning-omnext/src/om_tutorial/core.cljs
WARNING: Use of undeclared Var om-tutorial.core/read-fn at line 38 /Users/marcelo.pereira/Desktop/learning-omnext/src/om_tutorial/core.cljs
WARNING: Use of undeclared Var om-tutorial.core/mutate-fn at line 38 /Users/marcelo.pereira/Desktop/learning-omnext/src/om_tutorial/core.cljs
Compiling target/figwheel_temp/dev/figwheel/connect.cljs
notifying browser that file changed:  resources/public/js/goog/deps.js
notifying browser that file changed:  resources/public/js/cljs_deps.js
notifying browser that file changed:  out/om_tutorial/core.js
[32mSuccessfully compiled "resources/public/js/main.js" in 0.456 seconds.[0m
[0mCompiling "resources/public/js/main.js" from ["src"]...
Compiling /Users/marcelo.pereira/Desktop/learning-omnext/src/om_tutorial/core.cljs
Compiling target/figwheel_temp/dev/figwheel/connect.cljs
notifying browser that file changed:  out/om_tutorial/core.js
[32mSuccessfully compiled "resources/public/js/main.js" in 0.264 seconds.[0m
[0mCompiling "resources/public/js/main.js" from ["src"]...
Compiling /Users/marcelo.pereira/Desktop/learning-omnext/src/om_tutorial/core.cljs
Compiling target/figwheel_temp/dev/figwheel/connect.cljs
notifying browser that file changed:  resources/public/js/goog/deps.js
notifying browser that file changed:  resources/public/js/cljs_deps.js
notifying browser that file changed:  out/om_tutorial/core.js
[32mSuccessfully compiled "resources/public/js/main.js" in 0.418 seconds.[0m
[0mCompiling "resources/public/js/main.js" from ["src"]...
Compiling /Users/marcelo.pereira/Desktop/learning-omnext/src/om_tutorial/core.cljs
Compiling target/figwheel_temp/dev/figwheel/connect.cljs
notifying browser that file changed:  out/om_tutorial/core.js
[32mSuccessfully compiled "resources/public/js/main.js" in 0.289 seconds.[0m
[0mCompiling "resources/public/js/main.js" from ["src"]...
Compiling /Users/marcelo.pereira/Desktop/learning-omnext/src/om_tutorial/core.cljs
Compiling target/figwheel_temp/dev/figwheel/connect.cljs
notifying browser that file changed:  out/om_tutorial/core.js
[32mSuccessfully compiled "resources/public/js/main.js" in 0.282 seconds.[0m
[0mCompiling "resources/public/js/main.js" from ["src"]...
Compiling /Users/marcelo.pereira/Desktop/learning-omnext/src/om_tutorial/core.cljs
Compiling target/figwheel_temp/dev/figwheel/connect.cljs
notifying browser that file changed:  out/om_tutorial/core.js
[32mSuccessfully compiled "resources/public/js/main.js" in 0.274 seconds.[0m
[0mCompiling "resources/public/js/main.js" from ["src"]...
Compiling /Users/marcelo.pereira/Desktop/learning-omnext/src/om_tutorial/core.cljs
Compiling target/figwheel_temp/dev/figwheel/connect.cljs
notifying browser that file changed:  out/om_tutorial/core.js
[32mSuccessfully compiled "resources/public/js/main.js" in 0.336 seconds.[0m
[0mCompiling "resources/public/js/main.js" from ["src"]...
Compiling /Users/marcelo.pereira/Desktop/learning-omnext/src/om_tutorial/core.cljs
Compiling target/figwheel_temp/dev/figwheel/connect.cljs
notifying browser that file changed:  out/om_tutorial/core.js
[32mSuccessfully compiled "resources/public/js/main.js" in 0.319 seconds.[0m
[0mCompiling "resources/public/js/main.js" from ["src"]...
Compiling /Users/marcelo.pereira/Desktop/learning-omnext/src/om_tutorial/core.cljs
Compiling target/figwheel_temp/dev/figwheel/connect.cljs
notifying browser that file changed:  out/om_tutorial/core.js
[32mSuccessfully compiled "resources/public/js/main.js" in 0.237 seconds.[0m
[0mCompiling "resources/public/js/main.js" from ["src"]...
Compiling /Users/marcelo.pereira/Desktop/learning-omnext/src/om_tutorial/core.cljs
Compiling target/figwheel_temp/dev/figwheel/connect.cljs
notifying browser that file changed:  out/om_tutorial/core.js
[32mSuccessfully compiled "resources/public/js/main.js" in 0.173 seconds.[0m
[0mCompiling "resources/public/js/main.js" from ["src"]...
Compiling /Users/marcelo.pereira/Desktop/learning-omnext/src/om_tutorial/core.cljs
Compiling target/figwheel_temp/dev/figwheel/connect.cljs
notifying browser that file changed:  out/om_tutorial/core.js
[32mSuccessfully compiled "resources/public/js/main.js" in 0.189 seconds.[0m
[0mCompiling "resources/public/js/main.js" from ["src"]...
Compiling /Users/marcelo.pereira/Desktop/learning-omnext/src/om_tutorial/core.cljs
Compiling target/figwheel_temp/dev/figwheel/connect.cljs
notifying browser that file changed:  out/om_tutorial/core.js
[32mSuccessfully compiled "resources/public/js/main.js" in 0.204 seconds.[0m
[0mCompiling "resources/public/js/main.js" from ["src"]...
Compiling /Users/marcelo.pereira/Desktop/learning-omnext/src/om_tutorial/core.cljs
Compiling target/figwheel_temp/dev/figwheel/connect.cljs
notifying browser that file changed:  out/om_tutorial/core.js
[32mSuccessfully compiled "resources/public/js/main.js" in 0.216 seconds.[0m
